d:\codi\core\vendor\glfw\obj\debug-windows-x86_64\glfw\egl_context.obj
d:\codi\core\vendor\glfw\obj\debug-windows-x86_64\glfw\win32_init.obj
d:\codi\core\vendor\glfw\obj\debug-windows-x86_64\glfw\window.obj
d:\codi\core\vendor\glfw\obj\debug-windows-x86_64\glfw\wgl_context.obj
d:\codi\core\vendor\glfw\obj\debug-windows-x86_64\glfw\context.obj
d:\codi\core\vendor\glfw\obj\debug-windows-x86_64\glfw\win32_thread.obj
d:\codi\core\vendor\glfw\obj\debug-windows-x86_64\glfw\monitor.obj
d:\codi\core\vendor\glfw\obj\debug-windows-x86_64\glfw\input.obj
d:\codi\core\vendor\glfw\obj\debug-windows-x86_64\glfw\win32_joystick.obj
d:\codi\core\vendor\glfw\obj\debug-windows-x86_64\glfw\win32_window.obj
d:\codi\core\vendor\glfw\obj\debug-windows-x86_64\glfw\osmesa_context.obj
d:\codi\core\vendor\glfw\obj\debug-windows-x86_64\glfw\win32_monitor.obj
d:\codi\core\vendor\glfw\obj\debug-windows-x86_64\glfw\win32_time.obj
d:\codi\core\vendor\glfw\obj\debug-windows-x86_64\glfw\vulkan.obj
d:\codi\core\vendor\glfw\obj\debug-windows-x86_64\glfw\init.obj
d:\codi\core\vendor\glfw\bin\debug-windows-x86_64\glfw\glfw.pdb
d:\codi\core\vendor\glfw\bin\debug-windows-x86_64\glfw\glfw.lib
d:\codi\core\vendor\glfw\obj\debug-windows-x86_64\glfw\glfw.vcxproj.filelistabsolute.txt
d:\codi\core\vendor\glfw\obj\debug-windows-x86_64\glfw\glfw.tlog\cl.10420.write.1.tlog
d:\codi\core\vendor\glfw\obj\debug-windows-x86_64\glfw\glfw.tlog\cl.command.1.tlog
d:\codi\core\vendor\glfw\obj\debug-windows-x86_64\glfw\glfw.tlog\cl.items.tlog
d:\codi\core\vendor\glfw\obj\debug-windows-x86_64\glfw\glfw.tlog\cl.read.1.tlog
d:\codi\core\vendor\glfw\obj\debug-windows-x86_64\glfw\glfw.tlog\lib-link.read.1.tlog
d:\codi\core\vendor\glfw\obj\debug-windows-x86_64\glfw\glfw.tlog\lib-link.write.1.tlog
d:\codi\core\vendor\glfw\obj\debug-windows-x86_64\glfw\glfw.tlog\lib.command.1.tlog
